<?xml version="1.0" encoding="UTF-8"?>
<testng-results ignored="0" total="4" passed="3" failed="1" skipped="0">
  <reporter-output>
  </reporter-output>
  <suite started-at="2023-12-21T08:56:50 IST" name="Suite" finished-at="2023-12-21T08:56:51 IST" duration-ms="529">
    <groups>
      <group name="smoke">
        <method signature="Account.loanAccount()[pri:0, instance:Basic.Account@27462a88]" name="loanAccount" class="Basic.Account"/>
        <method signature="Payment.creditCard()[pri:0, instance:Basic.Payment@6404f418]" name="creditCard" class="Basic.Payment"/>
      </group> <!-- smoke -->
      <group name="sanity">
        <method signature="Account.currentAccout()[pri:0, instance:Basic.Account@750e2b97]" name="currentAccout" class="Basic.Account"/>
        <method signature="Payment.debitCard()[pri:0, instance:Basic.Payment@3646a422]" name="debitCard" class="Basic.Payment"/>
      </group> <!-- sanity -->
    </groups>
    <test started-at="2023-12-21T08:56:50 IST" name="Test1" finished-at="2023-12-21T08:56:51 IST" duration-ms="236">
      <class name="Basic.Account">
        <test-method signature="loanAccount()[pri:0, instance:Basic.Account@27462a88]" started-at="2023-12-21T08:56:51 IST" name="loanAccount" finished-at="2023-12-21T08:56:51 IST" duration-ms="5" status="PASS">
          <reporter-output>
          </reporter-output>
        </test-method> <!-- loanAccount -->
      </class> <!-- Basic.Account -->
      <class name="Basic.Payment">
        <test-method signature="creditCard()[pri:0, instance:Basic.Payment@6404f418]" started-at="2023-12-21T08:56:51 IST" name="creditCard" finished-at="2023-12-21T08:56:51 IST" duration-ms="72" status="PASS">
          <reporter-output>
          </reporter-output>
        </test-method> <!-- creditCard -->
      </class> <!-- Basic.Payment -->
    </test> <!-- Test1 -->
    <test started-at="2023-12-21T08:56:51 IST" name="Test2" finished-at="2023-12-21T08:56:51 IST" duration-ms="71">
      <class name="Basic.Account">
        <test-method signature="currentAccout()[pri:0, instance:Basic.Account@750e2b97]" started-at="2023-12-21T08:56:51 IST" name="currentAccout" finished-at="2023-12-21T08:56:51 IST" duration-ms="20" status="PASS">
          <reporter-output>
          </reporter-output>
        </test-method> <!-- currentAccout -->
      </class> <!-- Basic.Account -->
      <class name="Basic.Payment">
        <test-method signature="debitCard()[pri:0, instance:Basic.Payment@3646a422]" started-at="2023-12-21T08:56:51 IST" name="debitCard" finished-at="2023-12-21T08:56:51 IST" duration-ms="22" status="FAIL">
          <exception class="java.lang.AssertionError">
            <message>
              <![CDATA[expected [true] but found [false]]]>
            </message>
            <full-stacktrace>
              <![CDATA[java.lang.AssertionError: expected [true] but found [false]
at org.testng.Assert.fail(Assert.java:111)
at org.testng.Assert.failNotEquals(Assert.java:1578)
at org.testng.Assert.assertTrue(Assert.java:57)
at org.testng.Assert.assertTrue(Assert.java:67)
at Basic.Payment.debitCard(Payment.java:20)
at java.base/jdk.internal.reflect.NativeMethodAccessorImpl.invoke0(Native Method)
at java.base/jdk.internal.reflect.NativeMethodAccessorImpl.invoke(NativeMethodAccessorImpl.java:77)
at java.base/jdk.internal.reflect.DelegatingMethodAccessorImpl.invoke(DelegatingMethodAccessorImpl.java:43)
at java.base/java.lang.reflect.Method.invoke(Method.java:568)
at org.testng.internal.invokers.MethodInvocationHelper.invokeMethod(MethodInvocationHelper.java:139)
at org.testng.internal.invokers.TestInvoker.invokeMethod(TestInvoker.java:664)
at org.testng.internal.invokers.TestInvoker.invokeTestMethod(TestInvoker.java:227)
at org.testng.internal.invokers.MethodRunner.runInSequence(MethodRunner.java:50)
at org.testng.internal.invokers.TestInvoker$MethodInvocationAgent.invoke(TestInvoker.java:957)
at org.testng.internal.invokers.TestInvoker.invokeTestMethods(TestInvoker.java:200)
at org.testng.internal.invokers.TestMethodWorker.invokeTestMethods(TestMethodWorker.java:148)
at org.testng.internal.invokers.TestMethodWorker.run(TestMethodWorker.java:128)
at java.base/java.util.ArrayList.forEach(ArrayList.java:1511)
at org.testng.TestRunner.privateRun(TestRunner.java:848)
at org.testng.TestRunner.run(TestRunner.java:621)
at org.testng.SuiteRunner.runTest(SuiteRunner.java:443)
at org.testng.SuiteRunner.runSequentially(SuiteRunner.java:437)
at org.testng.SuiteRunner.privateRun(SuiteRunner.java:397)
at org.testng.SuiteRunner.run(SuiteRunner.java:336)
at org.testng.SuiteRunnerWorker.runSuite(SuiteRunnerWorker.java:52)
at org.testng.SuiteRunnerWorker.run(SuiteRunnerWorker.java:95)
at org.testng.TestNG.runSuitesSequentially(TestNG.java:1280)
at org.testng.TestNG.runSuitesLocally(TestNG.java:1200)
at org.testng.TestNG.runSuites(TestNG.java:1114)
at org.testng.TestNG.run(TestNG.java:1082)
at org.testng.remote.AbstractRemoteTestNG.run(AbstractRemoteTestNG.java:115)
at org.testng.remote.RemoteTestNG.initAndRun(RemoteTestNG.java:251)
at org.testng.remote.RemoteTestNG.main(RemoteTestNG.java:77)
]]>
            </full-stacktrace>
          </exception> <!-- java.lang.AssertionError -->
          <reporter-output>
          </reporter-output>
        </test-method> <!-- debitCard -->
      </class> <!-- Basic.Payment -->
    </test> <!-- Test2 -->
  </suite> <!-- Suite -->
</testng-results>
